[0926/122330.957:ERROR:check.cc(298)] Check failed: false. NOTREACHED log messages are omitted in official builds. Sorry!
[0926/140503.656:ERROR:check.cc(298)] Check failed: false. NOTREACHED log messages are omitted in official builds. Sorry!
[0926/140655.254:ERROR:check.cc(298)] Check failed: false. NOTREACHED log messages are omitted in official builds. Sorry!
[0927/124734.244:ERROR:check.cc(298)] Check failed: false. NOTREACHED log messages are omitted in official builds. Sorry!
[1001/180345.686:ERROR:check.cc(298)] Check failed: false. NOTREACHED log messages are omitted in official builds. Sorry!
[1002/160252.851:ERROR:check.cc(298)] Check failed: false. NOTREACHED log messages are omitted in official builds. Sorry!
[1002/172418.953:ERROR:check.cc(298)] Check failed: false. NOTREACHED log messages are omitted in official builds. Sorry!
[1002/173100.985:ERROR:check.cc(298)] Check failed: false. NOTREACHED log messages are omitted in official builds. Sorry!
[1002/173339.829:ERROR:check.cc(298)] Check failed: false. NOTREACHED log messages are omitted in official builds. Sorry!
[1002/173550.378:ERROR:check.cc(298)] Check failed: false. NOTREACHED log messages are omitted in official builds. Sorry!
[1002/233724.829:ERROR:check.cc(298)] Check failed: false. NOTREACHED log messages are omitted in official builds. Sorry!
[1002/233909.445:ERROR:check.cc(298)] Check failed: false. NOTREACHED log messages are omitted in official builds. Sorry!
[1002/234316.168:ERROR:check.cc(298)] Check failed: false. NOTREACHED log messages are omitted in official builds. Sorry!
[1002/234637.743:ERROR:check.cc(298)] Check failed: false. NOTREACHED log messages are omitted in official builds. Sorry!
[1003/003119.255:ERROR:check.cc(298)] Check failed: false. NOTREACHED log messages are omitted in official builds. Sorry!
[1003/003159.334:ERROR:check.cc(298)] Check failed: false. NOTREACHED log messages are omitted in official builds. Sorry!
[1003/004720.641:ERROR:check.cc(298)] Check failed: false. NOTREACHED log messages are omitted in official builds. Sorry!
[1003/130823.022:ERROR:check.cc(298)] Check failed: false. NOTREACHED log messages are omitted in official builds. Sorry!
[1003/130915.094:ERROR:check.cc(298)] Check failed: false. NOTREACHED log messages are omitted in official builds. Sorry!
[1003/144942.091:ERROR:check.cc(298)] Check failed: false. NOTREACHED log messages are omitted in official builds. Sorry!
[1003/151018.971:ERROR:check.cc(298)] Check failed: false. NOTREACHED log messages are omitted in official builds. Sorry!
[1003/173008.596:ERROR:check.cc(298)] Check failed: false. NOTREACHED log messages are omitted in official builds. Sorry!
[1004/155103.683:ERROR:check.cc(298)] Check failed: false. NOTREACHED log messages are omitted in official builds. Sorry!
[1005/042819.655:ERROR:check.cc(298)] Check failed: false. NOTREACHED log messages are omitted in official builds. Sorry!
[1005/222048.218:ERROR:check.cc(298)] Check failed: false. NOTREACHED log messages are omitted in official builds. Sorry!
[1006/131435.956:ERROR:check.cc(298)] Check failed: false. NOTREACHED log messages are omitted in official builds. Sorry!
<<<<<<< HEAD
<<<<<<< HEAD
=======
[1010/121127.777:ERROR:check.cc(298)] Check failed: false. NOTREACHED log messages are omitted in official builds. Sorry!
>>>>>>> config
[1012/134459.628:ERROR:check.cc(298)] Check failed: false. NOTREACHED log messages are omitted in official builds. Sorry!
=======
[1010/121127.777:ERROR:check.cc(298)] Check failed: false. NOTREACHED log messages are omitted in official builds. Sorry!
>>>>>>> 051e289046783c7dd87fd13763e3e4d43b031ed8
